2022-07-15T07:27:51+00:00 CRITICAL Cannot redeclare run_age_gate() (previously declared in C:\xampp\htdocs\wordpress\wordpress\wp-content\plugins\age-gate\age-gate.php:150) in C:\xampp\htdocs\wordpress\wordpress\wp-content\plugins\gn-age-gate\gn-age-gate.php on line 99

2022-07-15T07:27:55+00:00 CRITICAL Cannot redeclare run_age_gate() (previously declared in C:\xampp\htdocs\wordpress\wordpress\wp-content\plugins\age-gate\age-gate.php:150) in C:\xampp\htdocs\wordpress\wordpress\wp-content\plugins\gn-age-gate\gn-age-gate.php on line 99

2022-07-15T07:27:55+00:00 CRITICAL Cannot redeclare run_age_gate() (previously declared in C:\xampp\htdocs\wordpress\wordpress\wp-content\plugins\age-gate\age-gate.php:150) in C:\xampp\htdocs\wordpress\wordpress\wp-content\plugins\gn-age-gate\gn-age-gate.php on line 99

2022-07-15T07:30:16+00:00 CRITICAL Cannot declare class Age_Gate_Common, because the name is already in use in C:\xampp\htdocs\wordpress\wordpress\wp-content\plugins\gn-age-gate\includes\class-gn-age-gate-common.php on line 6

2022-07-15T07:30:21+00:00 CRITICAL Cannot declare class Age_Gate_Common, because the name is already in use in C:\xampp\htdocs\wordpress\wordpress\wp-content\plugins\gn-age-gate\includes\class-gn-age-gate-common.php on line 6

2022-07-15T07:30:22+00:00 CRITICAL Cannot declare class Age_Gate_Common, because the name is already in use in C:\xampp\htdocs\wordpress\wordpress\wp-content\plugins\gn-age-gate\includes\class-gn-age-gate-common.php on line 6

2022-07-15T18:49:40+00:00 CRITICAL Cannot declare class Age_Gate_Common, because the name is already in use in C:\xampp\htdocs\wordpress\wordpress\wp-content\plugins\gn-age-gate\includes\class-gn-age-gate-common.php on line 6

2022-07-15T18:49:46+00:00 CRITICAL Cannot declare class Age_Gate_Common, because the name is already in use in C:\xampp\htdocs\wordpress\wordpress\wp-content\plugins\gn-age-gate\includes\class-gn-age-gate-common.php on line 6

2022-07-15T18:49:46+00:00 CRITICAL Cannot declare class Age_Gate_Common, because the name is already in use in C:\xampp\htdocs\wordpress\wordpress\wp-content\plugins\gn-age-gate\includes\class-gn-age-gate-common.php on line 6

2022-07-15T19:26:40+00:00 CRITICAL Uncaught Error: Call to undefined method Gn_Age_Gate_Admin::_filter_values() in C:\xampp\htdocs\wordpress\wordpress\wp-content\plugins\gn-age-gate\admin\class-gn-age-gate-admin.php:68
Stack trace:
#0 C:\xampp\htdocs\wordpress\wordpress\wp-includes\class-wp-hook.php(307): Gn_Age_Gate_Admin->display_options_page('')
#1 C:\xampp\htdocs\wordpress\wordpress\wp-includes\class-wp-hook.php(331): WP_Hook->apply_filters('', Array)
#2 C:\xampp\htdocs\wordpress\wordpress\wp-includes\plugin.php(476): WP_Hook->do_action(Array)
#3 C:\xampp\htdocs\wordpress\wordpress\wp-admin\admin.php(259): do_action('toplevel_page_g...')
#4 {main}
  thrown in C:\xampp\htdocs\wordpress\wordpress\wp-content\plugins\gn-age-gate\admin\class-gn-age-gate-admin.php on line 68

2022-07-15T19:39:23+00:00 CRITICAL syntax error, unexpected variable "$values", expecting ")" in C:\xampp\htdocs\wordpress\wordpress\wp-content\plugins\gn-age-gate\admin\partials\gn-age-gate-admin-form.php on line 37

2022-07-15T20:04:59+00:00 CRITICAL Uncaught TypeError: array_key_exists(): Argument #2 ($array) must be of type array, null given in C:\xampp\htdocs\wordpress\wordpress\wp-content\plugins\gn-age-gate\admin\partials\gn-age-gate-admin-header.php:2
Stack trace:
#0 C:\xampp\htdocs\wordpress\wordpress\wp-content\plugins\gn-age-gate\admin\class-gn-age-gate-admin.php(54): include()
#1 C:\xampp\htdocs\wordpress\wordpress\wp-includes\class-wp-hook.php(307): Gn_Age_Gate_Admin->in_admin_header('')
#2 C:\xampp\htdocs\wordpress\wordpress\wp-includes\class-wp-hook.php(331): WP_Hook->apply_filters(NULL, Array)
#3 C:\xampp\htdocs\wordpress\wordpress\wp-includes\plugin.php(476): WP_Hook->do_action(Array)
#4 C:\xampp\htdocs\wordpress\wordpress\wp-admin\admin-header.php(267): do_action('in_admin_header')
#5 C:\xampp\htdocs\wordpress\wordpress\wp-admin\admin.php(239): require_once('C:\\xampp\\htdocs...')
#6 {main}
  thrown in C:\xampp\htdocs\wordpress\wordpress\wp-content\plugins\gn-age-gate\admin\partials\gn-age-gate-admin-header.php on line 2

2022-07-15T20:10:27+00:00 CRITICAL Uncaught TypeError: array_merge(): Argument #1 must be of type array, null given in C:\xampp\htdocs\wordpress\wordpress\wp-content\plugins\gn-age-gate\admin\partials\gn-age-gate-admin-header.php:7
Stack trace:
#0 C:\xampp\htdocs\wordpress\wordpress\wp-content\plugins\gn-age-gate\admin\partials\gn-age-gate-admin-header.php(7): array_merge(NULL, NULL, NULL)
#1 C:\xampp\htdocs\wordpress\wordpress\wp-content\plugins\gn-age-gate\admin\class-gn-age-gate-admin.php(54): include('C:\\xampp\\htdocs...')
#2 C:\xampp\htdocs\wordpress\wordpress\wp-includes\class-wp-hook.php(307): Gn_Age_Gate_Admin->in_admin_header('')
#3 C:\xampp\htdocs\wordpress\wordpress\wp-includes\class-wp-hook.php(331): WP_Hook->apply_filters(NULL, Array)
#4 C:\xampp\htdocs\wordpress\wordpress\wp-includes\plugin.php(476): WP_Hook->do_action(Array)
#5 C:\xampp\htdocs\wordpress\wordpress\wp-admin\admin-header.php(267): do_action('in_admin_header')
#6 C:\xampp\htdocs\wordpress\wordpress\wp-admin\admin.php(239): require_once('C:\\xampp\\htdocs...')
#7 {main}
  thrown in C:\xampp\htdocs\wordpress\wordpress\wp-content\plugins\gn-age-gate\admin\partials\gn-age-gate-admin-header.php on line 7

