2022-07-14T06:00:14+00:00 CRITICAL syntax error, unexpected token "}" in C:\xampp\htdocs\wordpress\wordpress\wp-content\plugins\gn-age-gate\index.php on line 48

2022-07-14T06:00:18+00:00 CRITICAL syntax error, unexpected token "}" in C:\xampp\htdocs\wordpress\wordpress\wp-content\plugins\gn-age-gate\index.php on line 48

2022-07-14T06:00:18+00:00 CRITICAL syntax error, unexpected token "}" in C:\xampp\htdocs\wordpress\wordpress\wp-content\plugins\gn-age-gate\index.php on line 48

2022-07-14T06:01:52+00:00 CRITICAL syntax error, unexpected token "}" in C:\xampp\htdocs\wordpress\wordpress\wp-content\plugins\gn-age-gate\index.php on line 47

2022-07-14T06:01:55+00:00 CRITICAL syntax error, unexpected token "}" in C:\xampp\htdocs\wordpress\wordpress\wp-content\plugins\gn-age-gate\index.php on line 47

2022-07-14T06:01:55+00:00 CRITICAL syntax error, unexpected token "}" in C:\xampp\htdocs\wordpress\wordpress\wp-content\plugins\gn-age-gate\index.php on line 47

2022-07-14T06:48:14+00:00 CRITICAL Uncaught Error: Call to undefined method Gn_Age_Gate_Activator::activate() in C:\xampp\htdocs\wordpress\wordpress\wp-content\plugins\gn-age-gate\gn-age-gate.php:32
Stack trace:
#0 C:\xampp\htdocs\wordpress\wordpress\wp-includes\class-wp-hook.php(307): activate_gn_age_gate(false)
#1 C:\xampp\htdocs\wordpress\wordpress\wp-includes\class-wp-hook.php(331): WP_Hook->apply_filters('', Array)
#2 C:\xampp\htdocs\wordpress\wordpress\wp-includes\plugin.php(476): WP_Hook->do_action(Array)
#3 C:\xampp\htdocs\wordpress\wordpress\wp-admin\includes\plugin.php(691): do_action('activate_gn-age...', false)
#4 C:\xampp\htdocs\wordpress\wordpress\wp-admin\plugins.php(58): activate_plugin('gn-age-gate/gn-...', 'http://localhos...', false)
#5 {main}
  thrown in C:\xampp\htdocs\wordpress\wordpress\wp-content\plugins\gn-age-gate\gn-age-gate.php on line 32

2022-07-14T06:48:18+00:00 CRITICAL Uncaught Error: Call to undefined method Gn_Age_Gate_Activator::activate() in C:\xampp\htdocs\wordpress\wordpress\wp-content\plugins\gn-age-gate\gn-age-gate.php:32
Stack trace:
#0 C:\xampp\htdocs\wordpress\wordpress\wp-includes\class-wp-hook.php(307): activate_gn_age_gate('')
#1 C:\xampp\htdocs\wordpress\wordpress\wp-includes\class-wp-hook.php(331): WP_Hook->apply_filters('', Array)
#2 C:\xampp\htdocs\wordpress\wordpress\wp-includes\plugin.php(476): WP_Hook->do_action(Array)
#3 C:\xampp\htdocs\wordpress\wordpress\wp-admin\plugins.php(194): do_action('activate_gn-age...')
#4 {main}
  thrown in C:\xampp\htdocs\wordpress\wordpress\wp-content\plugins\gn-age-gate\gn-age-gate.php on line 32

2022-07-14T06:48:18+00:00 CRITICAL Uncaught Error: Call to undefined method Gn_Age_Gate_Activator::activate() in C:\xampp\htdocs\wordpress\wordpress\wp-content\plugins\gn-age-gate\gn-age-gate.php:32
Stack trace:
#0 C:\xampp\htdocs\wordpress\wordpress\wp-includes\class-wp-hook.php(307): activate_gn_age_gate('')
#1 C:\xampp\htdocs\wordpress\wordpress\wp-includes\class-wp-hook.php(331): WP_Hook->apply_filters('', Array)
#2 C:\xampp\htdocs\wordpress\wordpress\wp-includes\plugin.php(476): WP_Hook->do_action(Array)
#3 C:\xampp\htdocs\wordpress\wordpress\wp-admin\plugins.php(194): do_action('activate_gn-age...')
#4 {main}
  thrown in C:\xampp\htdocs\wordpress\wordpress\wp-content\plugins\gn-age-gate\gn-age-gate.php on line 32

2022-07-14T06:52:50+00:00 CRITICAL Uncaught Error: Non-static method Gn_Age_Gate_Activator::tutsplus_register_post_type() cannot be called statically in C:\xampp\htdocs\wordpress\wordpress\wp-content\plugins\gn-age-gate\gn-age-gate.php:32
Stack trace:
#0 C:\xampp\htdocs\wordpress\wordpress\wp-includes\class-wp-hook.php(307): activate_gn_age_gate(false)
#1 C:\xampp\htdocs\wordpress\wordpress\wp-includes\class-wp-hook.php(331): WP_Hook->apply_filters('', Array)
#2 C:\xampp\htdocs\wordpress\wordpress\wp-includes\plugin.php(476): WP_Hook->do_action(Array)
#3 C:\xampp\htdocs\wordpress\wordpress\wp-admin\includes\plugin.php(691): do_action('activate_gn-age...', false)
#4 C:\xampp\htdocs\wordpress\wordpress\wp-admin\plugins.php(58): activate_plugin('gn-age-gate/gn-...', 'http://localhos...', false)
#5 {main}
  thrown in C:\xampp\htdocs\wordpress\wordpress\wp-content\plugins\gn-age-gate\gn-age-gate.php on line 32

2022-07-14T06:52:53+00:00 CRITICAL Uncaught Error: Non-static method Gn_Age_Gate_Activator::tutsplus_register_post_type() cannot be called statically in C:\xampp\htdocs\wordpress\wordpress\wp-content\plugins\gn-age-gate\gn-age-gate.php:32
Stack trace:
#0 C:\xampp\htdocs\wordpress\wordpress\wp-includes\class-wp-hook.php(307): activate_gn_age_gate('')
#1 C:\xampp\htdocs\wordpress\wordpress\wp-includes\class-wp-hook.php(331): WP_Hook->apply_filters('', Array)
#2 C:\xampp\htdocs\wordpress\wordpress\wp-includes\plugin.php(476): WP_Hook->do_action(Array)
#3 C:\xampp\htdocs\wordpress\wordpress\wp-admin\plugins.php(194): do_action('activate_gn-age...')
#4 {main}
  thrown in C:\xampp\htdocs\wordpress\wordpress\wp-content\plugins\gn-age-gate\gn-age-gate.php on line 32

2022-07-14T06:52:54+00:00 CRITICAL Uncaught Error: Non-static method Gn_Age_Gate_Activator::tutsplus_register_post_type() cannot be called statically in C:\xampp\htdocs\wordpress\wordpress\wp-content\plugins\gn-age-gate\gn-age-gate.php:32
Stack trace:
#0 C:\xampp\htdocs\wordpress\wordpress\wp-includes\class-wp-hook.php(307): activate_gn_age_gate('')
#1 C:\xampp\htdocs\wordpress\wordpress\wp-includes\class-wp-hook.php(331): WP_Hook->apply_filters('', Array)
#2 C:\xampp\htdocs\wordpress\wordpress\wp-includes\plugin.php(476): WP_Hook->do_action(Array)
#3 C:\xampp\htdocs\wordpress\wordpress\wp-admin\plugins.php(194): do_action('activate_gn-age...')
#4 {main}
  thrown in C:\xampp\htdocs\wordpress\wordpress\wp-content\plugins\gn-age-gate\gn-age-gate.php on line 32

2022-07-14T08:03:55+00:00 CRITICAL Uncaught Error: Call to undefined method Gn_Age_Gate_Activator::restrictions() in C:\xampp\htdocs\wordpress\wordpress\wp-content\plugins\gn-age-gate\includes\class-gn-age-gate-activator.php:31
Stack trace:
#0 C:\xampp\htdocs\wordpress\wordpress\wp-content\plugins\gn-age-gate\gn-age-gate.php(32): Gn_Age_Gate_Activator::activate()
#1 C:\xampp\htdocs\wordpress\wordpress\wp-includes\class-wp-hook.php(307): activate_gn_age_gate('')
#2 C:\xampp\htdocs\wordpress\wordpress\wp-includes\class-wp-hook.php(331): WP_Hook->apply_filters('', Array)
#3 C:\xampp\htdocs\wordpress\wordpress\wp-includes\plugin.php(476): WP_Hook->do_action(Array)
#4 C:\xampp\htdocs\wordpress\wordpress\wp-admin\plugins.php(194): do_action('activate_gn-age...')
#5 {main}
  thrown in C:\xampp\htdocs\wordpress\wordpress\wp-content\plugins\gn-age-gate\includes\class-gn-age-gate-activator.php on line 31

2022-07-14T08:03:56+00:00 CRITICAL Uncaught Error: Call to undefined method Gn_Age_Gate_Activator::restrictions() in C:\xampp\htdocs\wordpress\wordpress\wp-content\plugins\gn-age-gate\includes\class-gn-age-gate-activator.php:31
Stack trace:
#0 C:\xampp\htdocs\wordpress\wordpress\wp-content\plugins\gn-age-gate\gn-age-gate.php(32): Gn_Age_Gate_Activator::activate()
#1 C:\xampp\htdocs\wordpress\wordpress\wp-includes\class-wp-hook.php(307): activate_gn_age_gate('')
#2 C:\xampp\htdocs\wordpress\wordpress\wp-includes\class-wp-hook.php(331): WP_Hook->apply_filters('', Array)
#3 C:\xampp\htdocs\wordpress\wordpress\wp-includes\plugin.php(476): WP_Hook->do_action(Array)
#4 C:\xampp\htdocs\wordpress\wordpress\wp-admin\plugins.php(194): do_action('activate_gn-age...')
#5 {main}
  thrown in C:\xampp\htdocs\wordpress\wordpress\wp-content\plugins\gn-age-gate\includes\class-gn-age-gate-activator.php on line 31

2022-07-14T08:26:02+00:00 CRITICAL Uncaught Error: Class "Age_Gate" not found in C:\xampp\htdocs\wordpress\wordpress\wp-content\plugins\gn-age-gate\gn-age-gate.php:54
Stack trace:
#0 C:\xampp\htdocs\wordpress\wordpress\wp-content\plugins\gn-age-gate\gn-age-gate.php(57): run_age_gate()
#1 C:\xampp\htdocs\wordpress\wordpress\wp-admin\includes\plugin.php(2313): include_once('C:\\xampp\\htdocs...')
#2 C:\xampp\htdocs\wordpress\wordpress\wp-admin\includes\plugin.php(661): plugin_sandbox_scrape('gn-age-gate/gn-...')
#3 C:\xampp\htdocs\wordpress\wordpress\wp-admin\plugins.php(58): activate_plugin('gn-age-gate/gn-...', 'http://localhos...', false)
#4 {main}
  thrown in C:\xampp\htdocs\wordpress\wordpress\wp-content\plugins\gn-age-gate\gn-age-gate.php on line 54

2022-07-14T08:26:06+00:00 CRITICAL Uncaught Error: Class "Age_Gate" not found in C:\xampp\htdocs\wordpress\wordpress\wp-content\plugins\gn-age-gate\gn-age-gate.php:54
Stack trace:
#0 C:\xampp\htdocs\wordpress\wordpress\wp-content\plugins\gn-age-gate\gn-age-gate.php(57): run_age_gate()
#1 C:\xampp\htdocs\wordpress\wordpress\wp-admin\includes\plugin.php(2313): include_once('C:\\xampp\\htdocs...')
#2 C:\xampp\htdocs\wordpress\wordpress\wp-admin\plugins.php(192): plugin_sandbox_scrape('gn-age-gate/gn-...')
#3 {main}
  thrown in C:\xampp\htdocs\wordpress\wordpress\wp-content\plugins\gn-age-gate\gn-age-gate.php on line 54

2022-07-14T08:26:06+00:00 CRITICAL Uncaught Error: Class "Age_Gate" not found in C:\xampp\htdocs\wordpress\wordpress\wp-content\plugins\gn-age-gate\gn-age-gate.php:54
Stack trace:
#0 C:\xampp\htdocs\wordpress\wordpress\wp-content\plugins\gn-age-gate\gn-age-gate.php(57): run_age_gate()
#1 C:\xampp\htdocs\wordpress\wordpress\wp-admin\includes\plugin.php(2313): include_once('C:\\xampp\\htdocs...')
#2 C:\xampp\htdocs\wordpress\wordpress\wp-admin\plugins.php(192): plugin_sandbox_scrape('gn-age-gate/gn-...')
#3 {main}
  thrown in C:\xampp\htdocs\wordpress\wordpress\wp-content\plugins\gn-age-gate\gn-age-gate.php on line 54

2022-07-14T09:37:10+00:00 CRITICAL Uncaught Error: Class "Age_Gate" not found in C:\xampp\htdocs\wordpress\wordpress\wp-content\plugins\gn-age-gate\gn-age-gate.php:54
Stack trace:
#0 C:\xampp\htdocs\wordpress\wordpress\wp-content\plugins\gn-age-gate\gn-age-gate.php(57): run_age_gate()
#1 C:\xampp\htdocs\wordpress\wordpress\wp-admin\includes\plugin.php(2313): include_once('C:\\xampp\\htdocs...')
#2 C:\xampp\htdocs\wordpress\wordpress\wp-admin\plugins.php(192): plugin_sandbox_scrape('gn-age-gate/gn-...')
#3 {main}
  thrown in C:\xampp\htdocs\wordpress\wordpress\wp-content\plugins\gn-age-gate\gn-age-gate.php on line 54

2022-07-14T09:37:10+00:00 CRITICAL Uncaught Error: Class "Age_Gate" not found in C:\xampp\htdocs\wordpress\wordpress\wp-content\plugins\gn-age-gate\gn-age-gate.php:54
Stack trace:
#0 C:\xampp\htdocs\wordpress\wordpress\wp-content\plugins\gn-age-gate\gn-age-gate.php(57): run_age_gate()
#1 C:\xampp\htdocs\wordpress\wordpress\wp-admin\includes\plugin.php(2313): include_once('C:\\xampp\\htdocs...')
#2 C:\xampp\htdocs\wordpress\wordpress\wp-admin\plugins.php(192): plugin_sandbox_scrape('gn-age-gate/gn-...')
#3 {main}
  thrown in C:\xampp\htdocs\wordpress\wordpress\wp-content\plugins\gn-age-gate\gn-age-gate.php on line 54

2022-07-14T10:19:42+00:00 CRITICAL Uncaught Error: Class "Age_Gate_Admin" not found in C:\xampp\htdocs\wordpress\wordpress\wp-content\plugins\gn-age-gate\includes\class-gn-age-gate-activator.php:263
Stack trace:
#0 C:\xampp\htdocs\wordpress\wordpress\wp-content\plugins\gn-age-gate\includes\class-gn-age-gate-activator.php(36): Gn_Age_Gate_Activator::advanced()
#1 C:\xampp\htdocs\wordpress\wordpress\wp-content\plugins\gn-age-gate\gn-age-gate.php(32): Gn_Age_Gate_Activator::activate()
#2 C:\xampp\htdocs\wordpress\wordpress\wp-includes\class-wp-hook.php(307): activate_gn_age_gate(false)
#3 C:\xampp\htdocs\wordpress\wordpress\wp-includes\class-wp-hook.php(331): WP_Hook->apply_filters('', Array)
#4 C:\xampp\htdocs\wordpress\wordpress\wp-includes\plugin.php(476): WP_Hook->do_action(Array)
#5 C:\xampp\htdocs\wordpress\wordpress\wp-admin\includes\plugin.php(691): do_action('activate_gn-age...', false)
#6 C:\xampp\htdocs\wordpress\wordpress\wp-admin\plugins.php(58): activate_plugin('gn-age-gate/gn-...', 'http://localhos...', false)
#7 {main}
  thrown in C:\xampp\htdocs\wordpress\wordpress\wp-content\plugins\gn-age-gate\includes\class-gn-age-gate-activator.php on line 263

2022-07-14T10:19:46+00:00 CRITICAL Uncaught Error: Class "Age_Gate_Admin" not found in C:\xampp\htdocs\wordpress\wordpress\wp-content\plugins\gn-age-gate\includes\class-gn-age-gate-activator.php:263
Stack trace:
#0 C:\xampp\htdocs\wordpress\wordpress\wp-content\plugins\gn-age-gate\includes\class-gn-age-gate-activator.php(36): Gn_Age_Gate_Activator::advanced()
#1 C:\xampp\htdocs\wordpress\wordpress\wp-content\plugins\gn-age-gate\gn-age-gate.php(32): Gn_Age_Gate_Activator::activate()
#2 C:\xampp\htdocs\wordpress\wordpress\wp-includes\class-wp-hook.php(307): activate_gn_age_gate('')
#3 C:\xampp\htdocs\wordpress\wordpress\wp-includes\class-wp-hook.php(331): WP_Hook->apply_filters('', Array)
#4 C:\xampp\htdocs\wordpress\wordpress\wp-includes\plugin.php(476): WP_Hook->do_action(Array)
#5 C:\xampp\htdocs\wordpress\wordpress\wp-admin\plugins.php(194): do_action('activate_gn-age...')
#6 {main}
  thrown in C:\xampp\htdocs\wordpress\wordpress\wp-content\plugins\gn-age-gate\includes\class-gn-age-gate-activator.php on line 263

2022-07-14T10:19:46+00:00 CRITICAL Uncaught Error: Class "Age_Gate_Admin" not found in C:\xampp\htdocs\wordpress\wordpress\wp-content\plugins\gn-age-gate\includes\class-gn-age-gate-activator.php:263
Stack trace:
#0 C:\xampp\htdocs\wordpress\wordpress\wp-content\plugins\gn-age-gate\includes\class-gn-age-gate-activator.php(36): Gn_Age_Gate_Activator::advanced()
#1 C:\xampp\htdocs\wordpress\wordpress\wp-content\plugins\gn-age-gate\gn-age-gate.php(32): Gn_Age_Gate_Activator::activate()
#2 C:\xampp\htdocs\wordpress\wordpress\wp-includes\class-wp-hook.php(307): activate_gn_age_gate('')
#3 C:\xampp\htdocs\wordpress\wordpress\wp-includes\class-wp-hook.php(331): WP_Hook->apply_filters('', Array)
#4 C:\xampp\htdocs\wordpress\wordpress\wp-includes\plugin.php(476): WP_Hook->do_action(Array)
#5 C:\xampp\htdocs\wordpress\wordpress\wp-admin\plugins.php(194): do_action('activate_gn-age...')
#6 {main}
  thrown in C:\xampp\htdocs\wordpress\wordpress\wp-content\plugins\gn-age-gate\includes\class-gn-age-gate-activator.php on line 263

2022-07-14T10:22:06+00:00 CRITICAL Uncaught Error: Call to undefined method Gn_Age_Gate_Activator::cleanUserData() in C:\xampp\htdocs\wordpress\wordpress\wp-content\plugins\gn-age-gate\includes\class-gn-age-gate-activator.php:119
Stack trace:
#0 C:\xampp\htdocs\wordpress\wordpress\wp-content\plugins\gn-age-gate\includes\class-gn-age-gate-activator.php(33): Gn_Age_Gate_Activator::restrictions()
#1 C:\xampp\htdocs\wordpress\wordpress\wp-content\plugins\gn-age-gate\gn-age-gate.php(32): Gn_Age_Gate_Activator::activate()
#2 C:\xampp\htdocs\wordpress\wordpress\wp-includes\class-wp-hook.php(307): activate_gn_age_gate(false)
#3 C:\xampp\htdocs\wordpress\wordpress\wp-includes\class-wp-hook.php(331): WP_Hook->apply_filters('', Array)
#4 C:\xampp\htdocs\wordpress\wordpress\wp-includes\plugin.php(476): WP_Hook->do_action(Array)
#5 C:\xampp\htdocs\wordpress\wordpress\wp-admin\includes\plugin.php(691): do_action('activate_gn-age...', false)
#6 C:\xampp\htdocs\wordpress\wordpress\wp-admin\plugins.php(58): activate_plugin('gn-age-gate/gn-...', 'http://localhos...', false)
#7 {main}
  thrown in C:\xampp\htdocs\wordpress\wordpress\wp-content\plugins\gn-age-gate\includes\class-gn-age-gate-activator.php on line 119

2022-07-14T10:22:09+00:00 CRITICAL Uncaught Error: Call to undefined method Gn_Age_Gate_Activator::cleanUserData() in C:\xampp\htdocs\wordpress\wordpress\wp-content\plugins\gn-age-gate\includes\class-gn-age-gate-activator.php:119
Stack trace:
#0 C:\xampp\htdocs\wordpress\wordpress\wp-content\plugins\gn-age-gate\includes\class-gn-age-gate-activator.php(33): Gn_Age_Gate_Activator::restrictions()
#1 C:\xampp\htdocs\wordpress\wordpress\wp-content\plugins\gn-age-gate\gn-age-gate.php(32): Gn_Age_Gate_Activator::activate()
#2 C:\xampp\htdocs\wordpress\wordpress\wp-includes\class-wp-hook.php(307): activate_gn_age_gate('')
#3 C:\xampp\htdocs\wordpress\wordpress\wp-includes\class-wp-hook.php(331): WP_Hook->apply_filters('', Array)
#4 C:\xampp\htdocs\wordpress\wordpress\wp-includes\plugin.php(476): WP_Hook->do_action(Array)
#5 C:\xampp\htdocs\wordpress\wordpress\wp-admin\plugins.php(194): do_action('activate_gn-age...')
#6 {main}
  thrown in C:\xampp\htdocs\wordpress\wordpress\wp-content\plugins\gn-age-gate\includes\class-gn-age-gate-activator.php on line 119

2022-07-14T10:22:10+00:00 CRITICAL Uncaught Error: Call to undefined method Gn_Age_Gate_Activator::cleanUserData() in C:\xampp\htdocs\wordpress\wordpress\wp-content\plugins\gn-age-gate\includes\class-gn-age-gate-activator.php:119
Stack trace:
#0 C:\xampp\htdocs\wordpress\wordpress\wp-content\plugins\gn-age-gate\includes\class-gn-age-gate-activator.php(33): Gn_Age_Gate_Activator::restrictions()
#1 C:\xampp\htdocs\wordpress\wordpress\wp-content\plugins\gn-age-gate\gn-age-gate.php(32): Gn_Age_Gate_Activator::activate()
#2 C:\xampp\htdocs\wordpress\wordpress\wp-includes\class-wp-hook.php(307): activate_gn_age_gate('')
#3 C:\xampp\htdocs\wordpress\wordpress\wp-includes\class-wp-hook.php(331): WP_Hook->apply_filters('', Array)
#4 C:\xampp\htdocs\wordpress\wordpress\wp-includes\plugin.php(476): WP_Hook->do_action(Array)
#5 C:\xampp\htdocs\wordpress\wordpress\wp-admin\plugins.php(194): do_action('activate_gn-age...')
#6 {main}
  thrown in C:\xampp\htdocs\wordpress\wordpress\wp-content\plugins\gn-age-gate\includes\class-gn-age-gate-activator.php on line 119

2022-07-14T10:23:12+00:00 CRITICAL Uncaught Error: Class "Age_Gate_Admin" not found in C:\xampp\htdocs\wordpress\wordpress\wp-content\plugins\gn-age-gate\includes\class-gn-age-gate-activator.php:263
Stack trace:
#0 C:\xampp\htdocs\wordpress\wordpress\wp-content\plugins\gn-age-gate\includes\class-gn-age-gate-activator.php(36): Gn_Age_Gate_Activator::advanced()
#1 C:\xampp\htdocs\wordpress\wordpress\wp-content\plugins\gn-age-gate\gn-age-gate.php(32): Gn_Age_Gate_Activator::activate()
#2 C:\xampp\htdocs\wordpress\wordpress\wp-includes\class-wp-hook.php(307): activate_gn_age_gate(false)
#3 C:\xampp\htdocs\wordpress\wordpress\wp-includes\class-wp-hook.php(331): WP_Hook->apply_filters('', Array)
#4 C:\xampp\htdocs\wordpress\wordpress\wp-includes\plugin.php(476): WP_Hook->do_action(Array)
#5 C:\xampp\htdocs\wordpress\wordpress\wp-admin\includes\plugin.php(691): do_action('activate_gn-age...', false)
#6 C:\xampp\htdocs\wordpress\wordpress\wp-admin\plugins.php(58): activate_plugin('gn-age-gate/gn-...', 'http://localhos...', false)
#7 {main}
  thrown in C:\xampp\htdocs\wordpress\wordpress\wp-content\plugins\gn-age-gate\includes\class-gn-age-gate-activator.php on line 263

2022-07-14T10:23:15+00:00 CRITICAL Uncaught Error: Class "Age_Gate_Admin" not found in C:\xampp\htdocs\wordpress\wordpress\wp-content\plugins\gn-age-gate\includes\class-gn-age-gate-activator.php:263
Stack trace:
#0 C:\xampp\htdocs\wordpress\wordpress\wp-content\plugins\gn-age-gate\includes\class-gn-age-gate-activator.php(36): Gn_Age_Gate_Activator::advanced()
#1 C:\xampp\htdocs\wordpress\wordpress\wp-content\plugins\gn-age-gate\gn-age-gate.php(32): Gn_Age_Gate_Activator::activate()
#2 C:\xampp\htdocs\wordpress\wordpress\wp-includes\class-wp-hook.php(307): activate_gn_age_gate('')
#3 C:\xampp\htdocs\wordpress\wordpress\wp-includes\class-wp-hook.php(331): WP_Hook->apply_filters('', Array)
#4 C:\xampp\htdocs\wordpress\wordpress\wp-includes\plugin.php(476): WP_Hook->do_action(Array)
#5 C:\xampp\htdocs\wordpress\wordpress\wp-admin\plugins.php(194): do_action('activate_gn-age...')
#6 {main}
  thrown in C:\xampp\htdocs\wordpress\wordpress\wp-content\plugins\gn-age-gate\includes\class-gn-age-gate-activator.php on line 263

2022-07-14T10:23:16+00:00 CRITICAL Uncaught Error: Class "Age_Gate_Admin" not found in C:\xampp\htdocs\wordpress\wordpress\wp-content\plugins\gn-age-gate\includes\class-gn-age-gate-activator.php:263
Stack trace:
#0 C:\xampp\htdocs\wordpress\wordpress\wp-content\plugins\gn-age-gate\includes\class-gn-age-gate-activator.php(36): Gn_Age_Gate_Activator::advanced()
#1 C:\xampp\htdocs\wordpress\wordpress\wp-content\plugins\gn-age-gate\gn-age-gate.php(32): Gn_Age_Gate_Activator::activate()
#2 C:\xampp\htdocs\wordpress\wordpress\wp-includes\class-wp-hook.php(307): activate_gn_age_gate('')
#3 C:\xampp\htdocs\wordpress\wordpress\wp-includes\class-wp-hook.php(331): WP_Hook->apply_filters('', Array)
#4 C:\xampp\htdocs\wordpress\wordpress\wp-includes\plugin.php(476): WP_Hook->do_action(Array)
#5 C:\xampp\htdocs\wordpress\wordpress\wp-admin\plugins.php(194): do_action('activate_gn-age...')
#6 {main}
  thrown in C:\xampp\htdocs\wordpress\wordpress\wp-content\plugins\gn-age-gate\includes\class-gn-age-gate-activator.php on line 263

2022-07-14T13:05:03+00:00 CRITICAL Uncaught Error: Call to undefined method Gn_Age_Gate::run() in C:\xampp\htdocs\wordpress\wordpress\wp-content\plugins\gn-age-gate\gn-age-gate.php:102
Stack trace:
#0 C:\xampp\htdocs\wordpress\wordpress\wp-content\plugins\gn-age-gate\gn-age-gate.php(104): run_age_gate()
#1 C:\xampp\htdocs\wordpress\wordpress\wp-admin\includes\plugin.php(2313): include_once('C:\\xampp\\htdocs...')
#2 C:\xampp\htdocs\wordpress\wordpress\wp-admin\includes\plugin.php(661): plugin_sandbox_scrape('gn-age-gate/gn-...')
#3 C:\xampp\htdocs\wordpress\wordpress\wp-admin\plugins.php(58): activate_plugin('gn-age-gate/gn-...', 'http://localhos...', false)
#4 {main}
  thrown in C:\xampp\htdocs\wordpress\wordpress\wp-content\plugins\gn-age-gate\gn-age-gate.php on line 102

2022-07-14T13:05:07+00:00 CRITICAL Uncaught Error: Call to undefined method Gn_Age_Gate::run() in C:\xampp\htdocs\wordpress\wordpress\wp-content\plugins\gn-age-gate\gn-age-gate.php:102
Stack trace:
#0 C:\xampp\htdocs\wordpress\wordpress\wp-content\plugins\gn-age-gate\gn-age-gate.php(104): run_age_gate()
#1 C:\xampp\htdocs\wordpress\wordpress\wp-admin\includes\plugin.php(2313): include_once('C:\\xampp\\htdocs...')
#2 C:\xampp\htdocs\wordpress\wordpress\wp-admin\plugins.php(192): plugin_sandbox_scrape('gn-age-gate/gn-...')
#3 {main}
  thrown in C:\xampp\htdocs\wordpress\wordpress\wp-content\plugins\gn-age-gate\gn-age-gate.php on line 102

2022-07-14T13:05:07+00:00 CRITICAL Uncaught Error: Call to undefined method Gn_Age_Gate::run() in C:\xampp\htdocs\wordpress\wordpress\wp-content\plugins\gn-age-gate\gn-age-gate.php:102
Stack trace:
#0 C:\xampp\htdocs\wordpress\wordpress\wp-content\plugins\gn-age-gate\gn-age-gate.php(104): run_age_gate()
#1 C:\xampp\htdocs\wordpress\wordpress\wp-admin\includes\plugin.php(2313): include_once('C:\\xampp\\htdocs...')
#2 C:\xampp\htdocs\wordpress\wordpress\wp-admin\plugins.php(192): plugin_sandbox_scrape('gn-age-gate/gn-...')
#3 {main}
  thrown in C:\xampp\htdocs\wordpress\wordpress\wp-content\plugins\gn-age-gate\gn-age-gate.php on line 102

2022-07-14T13:05:49+00:00 CRITICAL Uncaught Error: Class "Age_Gate_Admin" not found in C:\xampp\htdocs\wordpress\wordpress\wp-content\plugins\age-gate\includes\class-age-gate-activator.php:300
Stack trace:
#0 C:\xampp\htdocs\wordpress\wordpress\wp-content\plugins\age-gate\includes\class-age-gate-activator.php(48): Age_Gate_Activator::advanced()
#1 C:\xampp\htdocs\wordpress\wordpress\wp-content\plugins\age-gate\age-gate.php(98): Age_Gate_Activator::activate()
#2 C:\xampp\htdocs\wordpress\wordpress\wp-includes\class-wp-hook.php(307): activate_age_gate(false)
#3 C:\xampp\htdocs\wordpress\wordpress\wp-includes\class-wp-hook.php(331): WP_Hook->apply_filters('', Array)
#4 C:\xampp\htdocs\wordpress\wordpress\wp-includes\plugin.php(476): WP_Hook->do_action(Array)
#5 C:\xampp\htdocs\wordpress\wordpress\wp-admin\includes\plugin.php(691): do_action('activate_age-ga...', false)
#6 C:\xampp\htdocs\wordpress\wordpress\wp-admin\plugins.php(58): activate_plugin('age-gate/age-ga...', 'http://localhos...', false)
#7 {main}
  thrown in C:\xampp\htdocs\wordpress\wordpress\wp-content\plugins\age-gate\includes\class-age-gate-activator.php on line 300

2022-07-14T13:05:52+00:00 CRITICAL Uncaught Error: Class "Age_Gate_Admin" not found in C:\xampp\htdocs\wordpress\wordpress\wp-content\plugins\age-gate\includes\class-age-gate-activator.php:300
Stack trace:
#0 C:\xampp\htdocs\wordpress\wordpress\wp-content\plugins\age-gate\includes\class-age-gate-activator.php(48): Age_Gate_Activator::advanced()
#1 C:\xampp\htdocs\wordpress\wordpress\wp-content\plugins\age-gate\age-gate.php(98): Age_Gate_Activator::activate()
#2 C:\xampp\htdocs\wordpress\wordpress\wp-includes\class-wp-hook.php(307): activate_age_gate('')
#3 C:\xampp\htdocs\wordpress\wordpress\wp-includes\class-wp-hook.php(331): WP_Hook->apply_filters('', Array)
#4 C:\xampp\htdocs\wordpress\wordpress\wp-includes\plugin.php(476): WP_Hook->do_action(Array)
#5 C:\xampp\htdocs\wordpress\wordpress\wp-admin\plugins.php(194): do_action('activate_age-ga...')
#6 {main}
  thrown in C:\xampp\htdocs\wordpress\wordpress\wp-content\plugins\age-gate\includes\class-age-gate-activator.php on line 300

2022-07-14T13:05:53+00:00 CRITICAL Uncaught Error: Class "Age_Gate_Admin" not found in C:\xampp\htdocs\wordpress\wordpress\wp-content\plugins\age-gate\includes\class-age-gate-activator.php:300
Stack trace:
#0 C:\xampp\htdocs\wordpress\wordpress\wp-content\plugins\age-gate\includes\class-age-gate-activator.php(48): Age_Gate_Activator::advanced()
#1 C:\xampp\htdocs\wordpress\wordpress\wp-content\plugins\age-gate\age-gate.php(98): Age_Gate_Activator::activate()
#2 C:\xampp\htdocs\wordpress\wordpress\wp-includes\class-wp-hook.php(307): activate_age_gate('')
#3 C:\xampp\htdocs\wordpress\wordpress\wp-includes\class-wp-hook.php(331): WP_Hook->apply_filters('', Array)
#4 C:\xampp\htdocs\wordpress\wordpress\wp-includes\plugin.php(476): WP_Hook->do_action(Array)
#5 C:\xampp\htdocs\wordpress\wordpress\wp-admin\plugins.php(194): do_action('activate_age-ga...')
#6 {main}
  thrown in C:\xampp\htdocs\wordpress\wordpress\wp-content\plugins\age-gate\includes\class-age-gate-activator.php on line 300

