2022-07-19T07:35:06+00:00 CRITICAL Uncaught TypeError: array_fill_keys(): Argument #1 ($keys) must be of type array, null given in C:\xampp\htdocs\wordpress\wordpress\wp-content\plugins\gn-age-gate\admin\class-gn-age-gate-admin.php:99
Stack trace:
#0 C:\xampp\htdocs\wordpress\wordpress\wp-content\plugins\gn-age-gate\admin\class-gn-age-gate-admin.php(99): array_fill_keys(NULL, 0)
#1 C:\xampp\htdocs\wordpress\wordpress\wp-content\plugins\gn-age-gate\admin\class-gn-age-gate-admin.php(79): Gn_Age_Gate_Admin->_filter_values(NULL, 0)
#2 C:\xampp\htdocs\wordpress\wordpress\wp-includes\class-wp-hook.php(307): Gn_Age_Gate_Admin->handle_form_submission('')
#3 C:\xampp\htdocs\wordpress\wordpress\wp-includes\class-wp-hook.php(331): WP_Hook->apply_filters('', Array)
#4 C:\xampp\htdocs\wordpress\wordpress\wp-includes\plugin.php(476): WP_Hook->do_action(Array)
#5 C:\xampp\htdocs\wordpress\wordpress\wp-admin\admin-post.php(85): do_action('admin_post_gn_a...')
#6 {main}
  thrown in C:\xampp\htdocs\wordpress\wordpress\wp-content\plugins\gn-age-gate\admin\class-gn-age-gate-admin.php on line 99

2022-07-19T07:48:50+00:00 CRITICAL Uncaught TypeError: array_fill_keys(): Argument #1 ($keys) must be of type array, null given in C:\xampp\htdocs\wordpress\wordpress\wp-content\plugins\gn-age-gate\admin\class-gn-age-gate-admin.php:99
Stack trace:
#0 C:\xampp\htdocs\wordpress\wordpress\wp-content\plugins\gn-age-gate\admin\class-gn-age-gate-admin.php(99): array_fill_keys(NULL, 0)
#1 C:\xampp\htdocs\wordpress\wordpress\wp-content\plugins\gn-age-gate\admin\class-gn-age-gate-admin.php(79): Gn_Age_Gate_Admin->_filter_values(NULL, 0)
#2 C:\xampp\htdocs\wordpress\wordpress\wp-includes\class-wp-hook.php(307): Gn_Age_Gate_Admin->handle_form_submission('')
#3 C:\xampp\htdocs\wordpress\wordpress\wp-includes\class-wp-hook.php(331): WP_Hook->apply_filters('', Array)
#4 C:\xampp\htdocs\wordpress\wordpress\wp-includes\plugin.php(476): WP_Hook->do_action(Array)
#5 C:\xampp\htdocs\wordpress\wordpress\wp-admin\admin-post.php(85): do_action('admin_post_gn_a...')
#6 {main}
  thrown in C:\xampp\htdocs\wordpress\wordpress\wp-content\plugins\gn-age-gate\admin\class-gn-age-gate-admin.php on line 99

2022-07-19T08:08:43+00:00 CRITICAL Uncaught TypeError: array_merge(): Argument #2 must be of type array, null given in C:\xampp\htdocs\wordpress\wordpress\wp-content\plugins\gn-age-gate\admin\class-gn-age-gate-admin.php:101
Stack trace:
#0 C:\xampp\htdocs\wordpress\wordpress\wp-content\plugins\gn-age-gate\admin\class-gn-age-gate-admin.php(101): array_merge(Array, NULL)
#1 C:\xampp\htdocs\wordpress\wordpress\wp-content\plugins\gn-age-gate\admin\class-gn-age-gate-admin.php(79): Gn_Age_Gate_Admin->_filter_values(NULL, 0)
#2 C:\xampp\htdocs\wordpress\wordpress\wp-includes\class-wp-hook.php(307): Gn_Age_Gate_Admin->handle_form_submission('')
#3 C:\xampp\htdocs\wordpress\wordpress\wp-includes\class-wp-hook.php(331): WP_Hook->apply_filters('', Array)
#4 C:\xampp\htdocs\wordpress\wordpress\wp-includes\plugin.php(476): WP_Hook->do_action(Array)
#5 C:\xampp\htdocs\wordpress\wordpress\wp-admin\admin-post.php(85): do_action('admin_post_gn_a...')
#6 {main}
  thrown in C:\xampp\htdocs\wordpress\wordpress\wp-content\plugins\gn-age-gate\admin\class-gn-age-gate-admin.php on line 101

2022-07-19T08:12:31+00:00 CRITICAL Uncaught TypeError: array_fill_keys(): Argument #1 ($keys) must be of type array, null given in C:\xampp\htdocs\wordpress\wordpress\wp-content\plugins\gn-age-gate\admin\class-gn-age-gate-admin.php:99
Stack trace:
#0 C:\xampp\htdocs\wordpress\wordpress\wp-content\plugins\gn-age-gate\admin\class-gn-age-gate-admin.php(99): array_fill_keys(NULL, 0)
#1 C:\xampp\htdocs\wordpress\wordpress\wp-content\plugins\gn-age-gate\admin\class-gn-age-gate-admin.php(79): Gn_Age_Gate_Admin->_filter_values(NULL, 0)
#2 C:\xampp\htdocs\wordpress\wordpress\wp-includes\class-wp-hook.php(307): Gn_Age_Gate_Admin->handle_form_submission('')
#3 C:\xampp\htdocs\wordpress\wordpress\wp-includes\class-wp-hook.php(331): WP_Hook->apply_filters('', Array)
#4 C:\xampp\htdocs\wordpress\wordpress\wp-includes\plugin.php(476): WP_Hook->do_action(Array)
#5 C:\xampp\htdocs\wordpress\wordpress\wp-admin\admin-post.php(85): do_action('admin_post_gn_a...')
#6 {main}
  thrown in C:\xampp\htdocs\wordpress\wordpress\wp-content\plugins\gn-age-gate\admin\class-gn-age-gate-admin.php on line 99

2022-07-19T17:26:55+00:00 CRITICAL Uncaught Error: Failed opening required 'C:\xampp\htdocs\wordpress\wordpress\wp-content\plugins\gn-age-gate/includes/class-gn-age-gate-public.php' (include_path='C:\xampp\php\PEAR') in C:\xampp\htdocs\wordpress\wordpress\wp-content\plugins\gn-age-gate\public\class-gn-age-gate-public-output.php:24
Stack trace:
#0 C:\xampp\htdocs\wordpress\wordpress\wp-includes\template-loader.php(106): include()
#1 C:\xampp\htdocs\wordpress\wordpress\wp-blog-header.php(19): require_once('C:\\xampp\\htdocs...')
#2 C:\xampp\htdocs\wordpress\wordpress\index.php(17): require('C:\\xampp\\htdocs...')
#3 {main}
  thrown in C:\xampp\htdocs\wordpress\wordpress\wp-content\plugins\gn-age-gate\public\class-gn-age-gate-public-output.php on line 24

2022-07-19T17:28:21+00:00 CRITICAL Cannot declare class Gn_Age_Gate_Public, because the name is already in use in C:\xampp\htdocs\wordpress\wordpress\wp-content\plugins\gn-age-gate\public\class-gn-age-gate-public.php on line 29

2022-07-19T17:29:03+00:00 CRITICAL Cannot declare class Gn_Age_Gate_Public, because the name is already in use in C:\xampp\htdocs\wordpress\wordpress\wp-content\plugins\gn-age-gate\public\class-gn-age-gate-public.php on line 29

2022-07-19T17:29:16+00:00 CRITICAL Cannot declare class Gn_Age_Gate_Public, because the name is already in use in C:\xampp\htdocs\wordpress\wordpress\wp-content\plugins\gn-age-gate\public\class-gn-age-gate-public.php on line 29

2022-07-19T17:39:46+00:00 CRITICAL Cannot declare class Gn_Age_Gate_Public, because the name is already in use in C:\xampp\htdocs\wordpress\wordpress\wp-content\plugins\gn-age-gate\public\class-gn-age-gate-public.php on line 29

2022-07-19T17:41:10+00:00 CRITICAL Uncaught Error: Class "Age_Gate_Output" not found in C:\xampp\htdocs\wordpress\wordpress\wp-content\plugins\gn-age-gate\public\class-gn-age-gate-public-output.php:122
Stack trace:
#0 C:\xampp\htdocs\wordpress\wordpress\wp-includes\template-loader.php(106): include()
#1 C:\xampp\htdocs\wordpress\wordpress\wp-blog-header.php(19): require_once('C:\\xampp\\htdocs...')
#2 C:\xampp\htdocs\wordpress\wordpress\index.php(17): require('C:\\xampp\\htdocs...')
#3 {main}
  thrown in C:\xampp\htdocs\wordpress\wordpress\wp-content\plugins\gn-age-gate\public\class-gn-age-gate-public-output.php on line 122

2022-07-19T17:41:50+00:00 CRITICAL Uncaught Error: Undefined constant "AGE_GATE_PATH" in C:\xampp\htdocs\wordpress\wordpress\wp-content\plugins\gn-age-gate\public\class-gn-age-gate-public-output.php:48
Stack trace:
#0 C:\xampp\htdocs\wordpress\wordpress\wp-content\plugins\gn-age-gate\public\class-gn-age-gate-public-output.php(122): Gn_Age_Gate_Output->__construct()
#1 C:\xampp\htdocs\wordpress\wordpress\wp-includes\template-loader.php(106): include('C:\\xampp\\htdocs...')
#2 C:\xampp\htdocs\wordpress\wordpress\wp-blog-header.php(19): require_once('C:\\xampp\\htdocs...')
#3 C:\xampp\htdocs\wordpress\wordpress\index.php(17): require('C:\\xampp\\htdocs...')
#4 {main}
  thrown in C:\xampp\htdocs\wordpress\wordpress\wp-content\plugins\gn-age-gate\public\class-gn-age-gate-public-output.php on line 48

2022-07-19T17:42:33+00:00 CRITICAL Uncaught Error: Call to undefined method Gn_Age_Gate_Output::_format_options() in C:\xampp\htdocs\wordpress\wordpress\wp-content\plugins\gn-age-gate\public\class-gn-age-gate-public-output.php:59
Stack trace:
#0 C:\xampp\htdocs\wordpress\wordpress\wp-content\plugins\gn-age-gate\public\class-gn-age-gate-public-output.php(122): Gn_Age_Gate_Output->__construct()
#1 C:\xampp\htdocs\wordpress\wordpress\wp-includes\template-loader.php(106): include('C:\\xampp\\htdocs...')
#2 C:\xampp\htdocs\wordpress\wordpress\wp-blog-header.php(19): require_once('C:\\xampp\\htdocs...')
#3 C:\xampp\htdocs\wordpress\wordpress\index.php(17): require('C:\\xampp\\htdocs...')
#4 {main}
  thrown in C:\xampp\htdocs\wordpress\wordpress\wp-content\plugins\gn-age-gate\public\class-gn-age-gate-public-output.php on line 59

2022-07-19T17:43:41+00:00 CRITICAL Uncaught Error: Call to private method Gn_Age_Gate_Public::_format_options() from scope Gn_Age_Gate_Output in C:\xampp\htdocs\wordpress\wordpress\wp-content\plugins\gn-age-gate\public\class-gn-age-gate-public-output.php:59
Stack trace:
#0 C:\xampp\htdocs\wordpress\wordpress\wp-content\plugins\gn-age-gate\public\class-gn-age-gate-public-output.php(122): Gn_Age_Gate_Output->__construct()
#1 C:\xampp\htdocs\wordpress\wordpress\wp-includes\template-loader.php(106): include('C:\\xampp\\htdocs...')
#2 C:\xampp\htdocs\wordpress\wordpress\wp-blog-header.php(19): require_once('C:\\xampp\\htdocs...')
#3 C:\xampp\htdocs\wordpress\wordpress\index.php(17): require('C:\\xampp\\htdocs...')
#4 {main}
  thrown in C:\xampp\htdocs\wordpress\wordpress\wp-content\plugins\gn-age-gate\public\class-gn-age-gate-public-output.php on line 59

2022-07-19T17:44:05+00:00 CRITICAL Uncaught Error: Call to undefined method Gn_Age_Gate_Output::_screen_type() in C:\xampp\htdocs\wordpress\wordpress\wp-content\plugins\gn-age-gate\public\class-gn-age-gate-public-output.php:61
Stack trace:
#0 C:\xampp\htdocs\wordpress\wordpress\wp-content\plugins\gn-age-gate\public\class-gn-age-gate-public-output.php(151): Gn_Age_Gate_Output->__construct()
#1 C:\xampp\htdocs\wordpress\wordpress\wp-includes\template-loader.php(106): include('C:\\xampp\\htdocs...')
#2 C:\xampp\htdocs\wordpress\wordpress\wp-blog-header.php(19): require_once('C:\\xampp\\htdocs...')
#3 C:\xampp\htdocs\wordpress\wordpress\index.php(17): require('C:\\xampp\\htdocs...')
#4 {main}
  thrown in C:\xampp\htdocs\wordpress\wordpress\wp-content\plugins\gn-age-gate\public\class-gn-age-gate-public-output.php on line 61

2022-07-19T17:47:58+00:00 CRITICAL Uncaught Error: Call to undefined function form_input() in C:\xampp\htdocs\wordpress\wordpress\wp-content\plugins\gn-age-gate\admin\partials\gn-age-gate-admin-form.php:26
Stack trace:
#0 C:\xampp\htdocs\wordpress\wordpress\wp-content\plugins\gn-age-gate\admin\class-gn-age-gate-admin.php(66): include()
#1 C:\xampp\htdocs\wordpress\wordpress\wp-includes\class-wp-hook.php(307): Gn_Age_Gate_Admin->display_options_page('')
#2 C:\xampp\htdocs\wordpress\wordpress\wp-includes\class-wp-hook.php(331): WP_Hook->apply_filters('', Array)
#3 C:\xampp\htdocs\wordpress\wordpress\wp-includes\plugin.php(476): WP_Hook->do_action(Array)
#4 C:\xampp\htdocs\wordpress\wordpress\wp-admin\admin.php(259): do_action('toplevel_page_g...')
#5 {main}
  thrown in C:\xampp\htdocs\wordpress\wordpress\wp-content\plugins\gn-age-gate\admin\partials\gn-age-gate-admin-form.php on line 26

